2024-05-27 23:15:08,427 - pyswarms.single.global_best - INFO - Optimize for 1000 iters with {'c1': 0.5, 'c2': 0.3, 'w': 0.9}
2024-05-27 23:15:08,930 - pyswarms.single.global_best - INFO - Optimization finished | best cost: 1.0265095943179123e-43, best pos: [3.20039482e-22 1.50229663e-23]
2024-05-27 23:17:55,978 - pyswarms.single.global_best - INFO - Optimize for 1000 iters with {'c1': 0.5, 'c2': 0.3, 'w': 0.9}
2024-05-27 23:17:56,469 - pyswarms.single.global_best - INFO - Optimization finished | best cost: 1.239438044934917e-41, best pos: [-1.19061276e-23  3.52054523e-21]
2024-05-27 23:17:58,516 - pyswarms.single.local_best - INFO - Optimize for 1000 iters with {'c1': 0.5, 'c2': 0.3, 'w': 0.9, 'k': 2, 'p': 2}
2024-05-27 23:17:59,234 - pyswarms.single.local_best - INFO - Optimization finished | best cost: 7.946561224252312e-44, best pos: [-4.79354484e-23 -2.77790938e-22]
2024-05-27 23:18:10,856 - pyswarms.single.global_best - INFO - Optimize for 1000 iters with {'c1': 0.5, 'c2': 0.3, 'w': 0.9}
2024-05-27 23:18:11,337 - pyswarms.single.global_best - INFO - Optimization finished | best cost: 9.157571182059256e-44, best pos: [-1.67357297e-22 -2.52125459e-22]
2024-05-27 23:18:13,720 - pyswarms.single.global_best - INFO - Optimize for 1000 iters with {'c1': 0.5, 'c2': 0.3, 'w': 0.9}
2024-05-27 23:18:14,243 - pyswarms.single.global_best - INFO - Optimization finished | best cost: 1.3342415524748587e-46, best pos: [-2.04183298e-24 -1.13690401e-23]
2024-05-27 23:18:16,137 - pyswarms.single.global_best - INFO - Optimize for 1000 iters with {'c1': 0.5, 'c2': 0.3, 'w': 0.9}
2024-05-27 23:18:16,635 - pyswarms.single.global_best - INFO - Optimization finished | best cost: 1.850640867813659e-42, best pos: [1.33704219e-21 2.50916396e-22]
2024-05-27 23:18:22,173 - pyswarms.single.local_best - INFO - Optimize for 1000 iters with {'c1': 0.5, 'c2': 0.3, 'w': 0.9, 'k': 2, 'p': 2}
2024-05-27 23:18:22,855 - pyswarms.single.local_best - INFO - Optimization finished | best cost: 5.659954244559564e-42, best pos: [ 1.08491751e-21 -2.11728794e-21]
2024-05-27 23:18:32,595 - pyswarms.single.local_best - INFO - Optimize for 1000 iters with {'c1': 0.5, 'c2': 0.3, 'w': 0.9, 'k': 2, 'p': 2}
2024-05-27 23:18:33,301 - pyswarms.single.local_best - INFO - Optimization finished | best cost: 1.11512053375341e-39, best pos: [ 3.24530561e-20 -7.86890629e-21]
2024-05-27 23:18:36,989 - pyswarms.single.local_best - INFO - Optimize for 1000 iters with {'c1': 0.5, 'c2': 0.3, 'w': 0.9, 'k': 2, 'p': 2}
2024-05-27 23:18:37,655 - pyswarms.single.local_best - INFO - Optimization finished | best cost: 4.1154829727878173e-44, best pos: [-1.95468587e-22  5.42849982e-23]
2024-05-27 23:20:07,532 - pyswarms.single.global_best - INFO - Optimize for 1000 iters with {'c1': 0.5, 'c2': 0.3, 'w': 0.9}
2024-05-27 23:20:08,093 - pyswarms.single.global_best - INFO - Optimization finished | best cost: 0.0, best pos: [ 2.48858494e-09 -6.06571230e-10]
2024-05-27 23:25:54,779 - pyswarms.single.local_best - INFO - Optimize for 1000 iters with {'c1': 0.5, 'c2': 0.3, 'w': 0.9, 'k': 2, 'p': 2}
2024-05-27 23:25:55,519 - pyswarms.single.local_best - INFO - Optimization finished | best cost: 1.7291464311260967, best pos: [ 9.33608726e-01 -1.01283192e-05]
2024-05-27 23:32:38,097 - pyswarms.single.global_best - INFO - Optimize for 1000 iters with {'c1': 0.5, 'c2': 0.3, 'w': 0.9}
2024-05-27 23:32:38,643 - pyswarms.single.global_best - INFO - Optimization finished | best cost: 1.7488920737554563e-13, best pos: [0.99999959 0.99999917]
2024-05-27 23:34:47,302 - pyswarms.single.global_best - INFO - Optimize for 1000 iters with {'c1': 0.5, 'c2': 0.3, 'w': 0.9}
2024-05-27 23:34:47,853 - pyswarms.single.global_best - INFO - Optimization finished | best cost: 1.3296896437366304e-25, best pos: [1. 1.]
2024-05-27 23:34:53,874 - pyswarms.single.global_best - INFO - Optimize for 1000 iters with {'c1': 0.5, 'c2': 0.3, 'w': 0.9}
2024-05-27 23:34:54,432 - pyswarms.single.global_best - INFO - Optimization finished | best cost: 3.427094590181503e-17, best pos: [1.00000001 1.00000001]
2024-05-27 23:36:55,741 - pyswarms.single.local_best - INFO - Optimize for 1000 iters with {'c1': 0.5, 'c2': 0.3, 'w': 0.9, 'k': 2, 'p': 2}
2024-05-27 23:36:56,495 - pyswarms.single.local_best - INFO - Optimization finished | best cost: 0.02360178568805488, best pos: [0.8463962  0.71666328]
2024-05-27 23:37:07,363 - pyswarms.single.local_best - INFO - Optimize for 1000 iters with {'c1': 0.5, 'c2': 0.3, 'w': 0.9, 'k': 2, 'p': 2}
2024-05-27 23:37:08,105 - pyswarms.single.local_best - INFO - Optimization finished | best cost: 2.4705150156042573e-08, best pos: [0.99984336 0.99968491]
2024-05-27 23:37:13,828 - pyswarms.single.local_best - INFO - Optimize for 1000 iters with {'c1': 0.5, 'c2': 0.3, 'w': 0.9, 'k': 2, 'p': 2}
2024-05-27 23:37:14,591 - pyswarms.single.local_best - INFO - Optimization finished | best cost: 0.05338522799583957, best pos: [1.23105244 1.51549013]
2024-05-27 23:37:24,943 - pyswarms.single.local_best - INFO - Optimize for 1000 iters with {'c1': 0.5, 'c2': 0.3, 'w': 0.9, 'k': 2, 'p': 2}
2024-05-27 23:37:25,677 - pyswarms.single.local_best - INFO - Optimization finished | best cost: 0.007354478234597029, best pos: [1.08569769 1.17900259]
2024-05-27 23:37:31,892 - pyswarms.single.local_best - INFO - Optimize for 1000 iters with {'c1': 0.5, 'c2': 0.3, 'w': 0.9, 'k': 2, 'p': 2}
2024-05-27 23:37:32,637 - pyswarms.single.local_best - INFO - Optimization finished | best cost: 0.0029396283090862016, best pos: [0.94578184 0.89451736]
2024-05-27 23:53:14,311 - pyswarms.single.global_best - INFO - Optimize for 100 iters with {'c1': 0.6, 'c2': 0.3, 'w': 0.4}
2024-05-27 23:53:14,361 - pyswarms.single.global_best - INFO - Optimization finished | best cost: 0.0013407866918711754, best pos: [0.01939174 0.03106038]
2024-05-27 23:53:40,328 - pyswarms.single.global_best - INFO - Optimize for 1000 iters with {'c1': 0.6, 'c2': 0.3, 'w': 0.4}
2024-05-27 23:53:40,831 - pyswarms.single.global_best - INFO - Optimization finished | best cost: 0.002417208504119164, best pos: [0.03249126 0.03689887]
2024-05-27 23:55:17,569 - pyswarms.single.global_best - INFO - Optimize for 1000 iters with {'c1': 0.6, 'c2': 0.3, 'w': 0.4}
2024-05-27 23:55:18,069 - pyswarms.single.global_best - INFO - Optimization finished | best cost: 1.1835498905995104e-05, best pos: [ 0.0023481  -0.00251434]
2024-05-27 23:55:28,702 - pyswarms.single.global_best - INFO - Optimize for 1000 iters with {'c1': 0.6, 'c2': 0.3, 'w': 0.4}
2024-05-27 23:55:29,195 - pyswarms.single.global_best - INFO - Optimization finished | best cost: 0.00021951483038005988, best pos: [0.01158898 0.00923095]
2024-05-27 23:55:37,582 - pyswarms.single.global_best - INFO - Optimize for 1000 iters with {'c1': 0.6, 'c2': 0.3, 'w': 0.4}
2024-05-27 23:55:38,084 - pyswarms.single.global_best - INFO - Optimization finished | best cost: 0.0, best pos: [ 1.29040586e-162 -1.00762834e-163]
2024-05-27 23:55:46,999 - pyswarms.single.global_best - INFO - Optimize for 100 iters with {'c1': 0.6, 'c2': 0.3, 'w': 0.4}
2024-05-27 23:55:47,050 - pyswarms.single.global_best - INFO - Optimization finished | best cost: 0.0005633929222043829, best pos: [0.02264849 0.00710202]
2024-05-27 23:56:08,562 - pyswarms.single.global_best - INFO - Optimize for 100 iters with {'c1': 0.6, 'c2': 0.3, 'w': 0.4}
2024-05-27 23:56:08,613 - pyswarms.single.global_best - INFO - Optimization finished | best cost: 1.6825556338638434e-36, best pos: [5.63412118e-19 1.16838453e-18]
2024-05-27 23:58:47,550 - pyswarms.single.global_best - INFO - Optimize for 100 iters with {'c1': 0.5, 'c2': 0.3, 'w': 0.9}
2024-05-27 23:58:47,604 - pyswarms.single.global_best - INFO - Optimization finished | best cost: 1.1513094645919574e-09, best pos: [-2.9379699e-05  1.6974768e-05]
2024-05-28 00:02:05,525 - pyswarms.single.global_best - INFO - Optimize for 100 iters with {'c1': 0.5, 'c2': 0.3, 'w': 0.9}
2024-05-28 00:02:05,573 - pyswarms.single.global_best - INFO - Optimization finished | best cost: 7.387726756078341e-08, best pos: [0.00018868 0.00019565]
2024-05-28 00:04:06,887 - matplotlib.animation - WARNING - MovieWriter imagemagick unavailable; using Pillow instead.
2024-05-28 00:04:06,888 - matplotlib.animation - INFO - Animation.save using <class 'matplotlib.animation.PillowWriter'>
2024-05-28 00:47:48,679 - pyswarms.single.global_best - INFO - Optimize for 100 iters with {'c1': 0.5, 'c2': 0.3, 'w': 0.9}
2024-05-28 00:47:48,726 - pyswarms.single.global_best - INFO - Optimization finished | best cost: 1.1178545236887124e-08, best pos: [1.26038399e-05 1.04974704e-04]
2024-05-28 00:47:50,877 - matplotlib.animation - WARNING - MovieWriter imagemagick unavailable; using Pillow instead.
2024-05-28 00:47:50,877 - matplotlib.animation - INFO - Animation.save using <class 'matplotlib.animation.PillowWriter'>
2024-05-28 01:08:51,266 - matplotlib.animation - WARNING - MovieWriter imagemagick unavailable; using Pillow instead.
2024-05-28 01:08:51,267 - matplotlib.animation - INFO - Animation.save using <class 'matplotlib.animation.PillowWriter'>
2024-05-28 01:09:53,131 - pyswarms.single.global_best - INFO - Optimize for 100 iters with {'c1': 0.5, 'c2': 0.3, 'w': 0.9}
2024-05-28 01:09:53,181 - pyswarms.single.global_best - INFO - Optimization finished | best cost: 1.0368642664287865e-08, best pos: [-9.96180395e-05  2.10923890e-05]
2024-05-28 01:09:55,253 - matplotlib.animation - WARNING - MovieWriter imagemagick unavailable; using Pillow instead.
2024-05-28 01:09:55,254 - matplotlib.animation - INFO - Animation.save using <class 'matplotlib.animation.PillowWriter'>
2024-05-28 01:10:06,418 - matplotlib.animation - WARNING - MovieWriter imagemagick unavailable; using Pillow instead.
2024-05-28 01:10:06,419 - matplotlib.animation - INFO - Animation.save using <class 'matplotlib.animation.PillowWriter'>
2024-05-28 01:10:49,059 - matplotlib.animation - WARNING - MovieWriter imagemagick unavailable; using Pillow instead.
2024-05-28 01:10:49,060 - matplotlib.animation - INFO - Animation.save using <class 'matplotlib.animation.PillowWriter'>
2024-05-28 01:12:18,327 - matplotlib.animation - WARNING - MovieWriter imagemagick unavailable; using Pillow instead.
2024-05-28 01:12:18,328 - matplotlib.animation - INFO - Animation.save using <class 'matplotlib.animation.PillowWriter'>
2024-05-28 01:13:02,783 - matplotlib.animation - WARNING - MovieWriter imagemagick unavailable; using Pillow instead.
2024-05-28 01:13:02,784 - matplotlib.animation - INFO - Animation.save using <class 'matplotlib.animation.PillowWriter'>
2024-05-28 01:13:38,444 - matplotlib.animation - WARNING - MovieWriter imagemagick unavailable; using Pillow instead.
2024-05-28 01:13:38,445 - matplotlib.animation - INFO - Animation.save using <class 'matplotlib.animation.PillowWriter'>
2024-05-28 01:14:02,864 - matplotlib.animation - WARNING - MovieWriter imagemagick unavailable; using Pillow instead.
2024-05-28 01:14:02,865 - matplotlib.animation - INFO - Animation.save using <class 'matplotlib.animation.PillowWriter'>
2024-05-28 01:14:45,706 - matplotlib.animation - WARNING - MovieWriter imagemagick unavailable; using Pillow instead.
2024-05-28 01:14:45,707 - matplotlib.animation - INFO - Animation.save using <class 'matplotlib.animation.PillowWriter'>
2024-05-28 01:17:15,487 - pyswarms.single.global_best - INFO - Optimize for 100 iters with {'c1': 0.5, 'c2': 0.3, 'w': 0.9}
2024-05-28 01:17:15,537 - pyswarms.single.global_best - INFO - Optimization finished | best cost: 3.178772917515413e-08, best pos: [-1.54369808e-04  8.92058939e-05]
2024-05-28 01:17:17,640 - matplotlib.animation - WARNING - MovieWriter imagemagick unavailable; using Pillow instead.
2024-05-28 01:17:17,641 - matplotlib.animation - INFO - Animation.save using <class 'matplotlib.animation.PillowWriter'>
2024-05-28 01:22:12,242 - pyswarms.single.global_best - INFO - Optimize for 500 iters with {'c1': 0.5, 'c2': 0.3, 'w': 0.9}
2024-05-28 01:22:12,493 - pyswarms.single.global_best - INFO - Optimization finished | best cost: 4.69309687792096e-26, best pos: [-2.12665852e-13 -4.12820094e-14]
2024-05-28 01:22:45,864 - pyswarms.single.global_best - INFO - Optimize for 1000 iters with {'c1': 0.5, 'c2': 0.3, 'w': 0.9}
2024-05-28 01:22:46,375 - pyswarms.single.global_best - INFO - Optimization finished | best cost: 1.378604987742029e-44, best pos: [ 7.51077502e-23 -9.02489653e-23]
2024-05-28 01:24:16,347 - matplotlib.animation - WARNING - MovieWriter imagemagick unavailable; using Pillow instead.
2024-05-28 01:24:16,348 - matplotlib.animation - INFO - Animation.save using <class 'matplotlib.animation.PillowWriter'>
2024-05-28 01:26:46,793 - pyswarms.single.global_best - INFO - Optimize for 1000 iters with {'c1': 0.5, 'c2': 0.3, 'w': 0.9}
2024-05-28 01:26:47,305 - pyswarms.single.global_best - INFO - Optimization finished | best cost: 4.753611065907113e-48, best pos: [ 1.38311570e-25 -2.17588625e-24]
2024-05-28 01:26:49,837 - matplotlib.animation - WARNING - MovieWriter imagemagick unavailable; using Pillow instead.
2024-05-28 01:26:49,838 - matplotlib.animation - INFO - Animation.save using <class 'matplotlib.animation.PillowWriter'>
2024-05-28 01:28:36,062 - pyswarms.single.global_best - INFO - Optimize for 1000 iters with {'c1': 0.5, 'c2': 0.3, 'w': 0.9}
2024-05-28 01:28:36,605 - pyswarms.single.global_best - INFO - Optimization finished | best cost: 4.5414562606813533e-48, best pos: [1.91955528e-24 9.25615352e-25]
2024-05-28 01:28:39,104 - matplotlib.animation - WARNING - MovieWriter imagemagick unavailable; using Pillow instead.
2024-05-28 01:28:39,105 - matplotlib.animation - INFO - Animation.save using <class 'matplotlib.animation.PillowWriter'>
2024-05-28 01:30:25,238 - pyswarms.single.local_best - INFO - Optimize for 1000 iters with {'c1': 0.5, 'c2': 0.3, 'w': 0.9, 'k': 2, 'p': 2}
2024-05-28 01:30:25,962 - pyswarms.single.local_best - INFO - Optimization finished | best cost: 1.2341724984462947e-42, best pos: [1.83677386e-22 1.09564370e-21]
2024-05-28 01:30:26,172 - pyswarms.single.global_best - INFO - Optimize for 1000 iters with {'c1': 0.5, 'c2': 0.3, 'w': 0.9}
2024-05-28 01:30:26,748 - pyswarms.single.global_best - INFO - Optimization finished | best cost: 0.0, best pos: [-9.26071271e-10 -3.35557417e-10]
2024-05-28 01:30:26,885 - pyswarms.single.local_best - INFO - Optimize for 1000 iters with {'c1': 0.5, 'c2': 0.3, 'w': 0.9, 'k': 2, 'p': 2}
2024-05-28 01:30:27,665 - pyswarms.single.local_best - INFO - Optimization finished | best cost: 7.105427357601002e-15, best pos: [-5.96652979e-09  9.49232295e-10]
2024-05-28 01:30:27,859 - pyswarms.single.global_best - INFO - Optimize for 1000 iters with {'c1': 0.5, 'c2': 0.3, 'w': 0.9}
2024-05-28 01:30:28,422 - pyswarms.single.global_best - INFO - Optimization finished | best cost: 2.2505186247471355e-16, best pos: [0.99999999 0.99999999]
2024-05-28 01:30:28,558 - pyswarms.single.local_best - INFO - Optimize for 1000 iters with {'c1': 0.5, 'c2': 0.3, 'w': 0.9, 'k': 2, 'p': 2}
2024-05-28 01:30:29,322 - pyswarms.single.local_best - INFO - Optimization finished | best cost: 5.238253785586634, best pos: [-1.28699791  1.66524863]
2024-05-28 01:33:14,646 - pyswarms.single.global_best - INFO - Optimize for 200 iters with {'c1': 0.5, 'c2': 0.3, 'w': 0.9}
2024-05-28 01:33:14,742 - pyswarms.single.global_best - INFO - Optimization finished | best cost: 1.7812275810517257e-13, best pos: [-3.57160038e-07 -2.24854321e-07]
2024-05-28 01:33:17,250 - matplotlib.animation - WARNING - MovieWriter imagemagick unavailable; using Pillow instead.
2024-05-28 01:33:17,251 - matplotlib.animation - INFO - Animation.save using <class 'matplotlib.animation.PillowWriter'>
2024-05-28 01:33:38,848 - pyswarms.single.local_best - INFO - Optimize for 1000 iters with {'c1': 0.5, 'c2': 0.3, 'w': 0.9, 'k': 2, 'p': 2}
2024-05-28 01:33:39,576 - pyswarms.single.local_best - INFO - Optimization finished | best cost: 2.663362575567971e-46, best pos: [5.54098414e-24 1.53503665e-23]
2024-05-28 01:33:39,766 - pyswarms.single.global_best - INFO - Optimize for 1000 iters with {'c1': 0.5, 'c2': 0.3, 'w': 0.9}
2024-05-28 01:33:40,336 - pyswarms.single.global_best - INFO - Optimization finished | best cost: 0.0, best pos: [ 2.04522456e-09 -7.80304675e-10]
2024-05-28 01:33:40,465 - pyswarms.single.local_best - INFO - Optimize for 1000 iters with {'c1': 0.5, 'c2': 0.3, 'w': 0.9, 'k': 2, 'p': 2}
2024-05-28 01:33:41,212 - pyswarms.single.local_best - INFO - Optimization finished | best cost: 0.008518318936928893, best pos: [-0.00141022  0.0063995 ]
2024-05-28 01:33:41,432 - pyswarms.single.global_best - INFO - Optimize for 1000 iters with {'c1': 0.5, 'c2': 0.3, 'w': 0.9}
2024-05-28 01:33:41,994 - pyswarms.single.global_best - INFO - Optimization finished | best cost: 3.2336015148718294e-14, best pos: [0.99999988 0.99999974]
2024-05-28 01:33:42,129 - pyswarms.single.local_best - INFO - Optimize for 1000 iters with {'c1': 0.5, 'c2': 0.3, 'w': 0.9, 'k': 2, 'p': 2}
2024-05-28 01:33:42,900 - pyswarms.single.local_best - INFO - Optimization finished | best cost: 0.04456195458982355, best pos: [0.78931854 0.62169984]
2024-05-28 01:35:19,033 - pyswarms.single.global_best - INFO - Optimize for 150 iters with {'c1': 0.5, 'c2': 0.3, 'w': 0.9}
2024-05-28 01:35:35,804 - pyswarms.single.global_best - INFO - Optimize for 150 iters with {'c1': 0.5, 'c2': 0.3, 'w': 0.9}
2024-05-28 01:35:35,887 - pyswarms.single.global_best - INFO - Optimization finished | best cost: 1.4721292700414779e-06, best pos: [-5.13216314e-06 -8.59881584e-05]
2024-05-28 01:36:46,274 - matplotlib.animation - WARNING - MovieWriter imagemagick unavailable; using Pillow instead.
2024-05-28 01:36:46,275 - matplotlib.animation - INFO - Animation.save using <class 'matplotlib.animation.PillowWriter'>
2024-05-28 01:37:57,727 - matplotlib.animation - WARNING - MovieWriter imagemagick unavailable; using Pillow instead.
2024-05-28 01:37:57,728 - matplotlib.animation - INFO - Animation.save using <class 'matplotlib.animation.PillowWriter'>
2024-05-28 01:38:37,225 - pyswarms.single.global_best - INFO - Optimize for 150 iters with {'c1': 0.5, 'c2': 0.3, 'w': 0.9}
2024-05-28 01:38:37,312 - pyswarms.single.global_best - INFO - Optimization finished | best cost: 6.473112605931419e-07, best pos: [ 2.58906006e-05 -5.09162499e-05]
2024-05-28 01:39:01,663 - matplotlib.animation - WARNING - MovieWriter imagemagick unavailable; using Pillow instead.
2024-05-28 01:39:01,664 - matplotlib.animation - INFO - Animation.save using <class 'matplotlib.animation.PillowWriter'>
2024-05-28 01:39:22,104 - matplotlib.animation - WARNING - MovieWriter imagemagick unavailable; using Pillow instead.
2024-05-28 01:39:22,105 - matplotlib.animation - INFO - Animation.save using <class 'matplotlib.animation.PillowWriter'>
2024-05-28 01:41:26,264 - pyswarms.single.global_best - INFO - Optimize for 200 iters with {'c1': 0.5, 'c2': 0.3, 'w': 0.9}
2024-05-28 01:41:26,384 - pyswarms.single.global_best - INFO - Optimization finished | best cost: 1.049400566444092e-10, best pos: [2.70041608e-07 6.75310555e-07]
2024-05-28 01:41:29,365 - pyswarms.single.global_best - INFO - Optimize for 200 iters with {'c1': 0.5, 'c2': 0.3, 'w': 0.9}
2024-05-28 01:41:29,484 - pyswarms.single.global_best - INFO - Optimization finished | best cost: 8.732570222491631e-12, best pos: [-1.34461274e-07 -1.61016651e-07]
2024-05-28 01:41:32,049 - matplotlib.animation - WARNING - MovieWriter imagemagick unavailable; using Pillow instead.
2024-05-28 01:41:32,050 - matplotlib.animation - INFO - Animation.save using <class 'matplotlib.animation.PillowWriter'>
2024-05-28 01:41:47,799 - pyswarms.single.local_best - INFO - Optimize for 1000 iters with {'c1': 0.5, 'c2': 0.3, 'w': 0.9, 'k': 2, 'p': 2}
2024-05-28 01:41:48,593 - pyswarms.single.local_best - INFO - Optimization finished | best cost: 0.0, best pos: [-3.64342672e-09  9.11586114e-10]
2024-05-28 01:41:48,792 - pyswarms.single.global_best - INFO - Optimize for 1000 iters with {'c1': 0.5, 'c2': 0.3, 'w': 0.9}
2024-05-28 01:41:49,365 - pyswarms.single.global_best - INFO - Optimization finished | best cost: 5.415947862289091e-18, best pos: [1. 1.]
2024-05-28 01:41:49,497 - pyswarms.single.local_best - INFO - Optimize for 1000 iters with {'c1': 0.5, 'c2': 0.3, 'w': 0.9, 'k': 2, 'p': 2}
2024-05-28 01:41:50,263 - pyswarms.single.local_best - INFO - Optimization finished | best cost: 1.106574637966379, best pos: [-0.05188879  0.00166966]
2024-05-28 01:43:12,914 - pyswarms.single.global_best - INFO - Optimize for 200 iters with {'c1': 0.5, 'c2': 0.3, 'w': 0.9}
2024-05-28 01:43:13,010 - pyswarms.single.global_best - INFO - Optimization finished | best cost: 3.76959480422896e-13, best pos: [3.26649718e-07 5.19864831e-07]
2024-05-28 01:43:15,505 - matplotlib.animation - WARNING - MovieWriter imagemagick unavailable; using Pillow instead.
2024-05-28 01:43:15,506 - matplotlib.animation - INFO - Animation.save using <class 'matplotlib.animation.PillowWriter'>
2024-05-28 01:43:37,116 - pyswarms.single.local_best - INFO - Optimize for 1000 iters with {'c1': 0.5, 'c2': 0.3, 'w': 0.9, 'k': 2, 'p': 2}
2024-05-28 01:43:37,839 - pyswarms.single.local_best - INFO - Optimization finished | best cost: 1.9388543166485687e-43, best pos: [-4.1237276e-22 -1.5438309e-22]
2024-05-28 01:43:38,031 - pyswarms.single.global_best - INFO - Optimize for 200 iters with {'c1': 0.5, 'c2': 0.3, 'w': 0.9}
2024-05-28 01:43:38,151 - pyswarms.single.global_best - INFO - Optimization finished | best cost: 6.387601558799361e-10, best pos: [7.05335121e-07 1.64990698e-06]
2024-05-28 01:43:40,713 - matplotlib.animation - WARNING - MovieWriter imagemagick unavailable; using Pillow instead.
2024-05-28 01:43:40,714 - matplotlib.animation - INFO - Animation.save using <class 'matplotlib.animation.PillowWriter'>
2024-05-28 01:43:56,458 - pyswarms.single.local_best - INFO - Optimize for 1000 iters with {'c1': 0.5, 'c2': 0.3, 'w': 0.9, 'k': 2, 'p': 2}
2024-05-28 01:43:57,230 - pyswarms.single.local_best - INFO - Optimization finished | best cost: 1.9903361409367974, best pos: [-0.99350662  0.99495859]
2024-05-28 01:43:57,437 - pyswarms.single.global_best - INFO - Optimize for 1000 iters with {'c1': 0.5, 'c2': 0.3, 'w': 0.9}
2024-05-28 01:43:58,016 - pyswarms.single.global_best - INFO - Optimization finished | best cost: 1.475549099977967e-13, best pos: [1.00000038 1.00000077]
2024-05-28 01:43:58,138 - pyswarms.single.local_best - INFO - Optimize for 1000 iters with {'c1': 0.5, 'c2': 0.3, 'w': 0.9, 'k': 2, 'p': 2}
2024-05-28 01:43:58,899 - pyswarms.single.local_best - INFO - Optimization finished | best cost: 0.02215912419636936, best pos: [0.85114059 0.7244403 ]
2024-05-28 01:45:26,545 - pyswarms.single.global_best - INFO - Optimize for 500 iters with {'c1': 0.5, 'c2': 0.3, 'w': 0.9}
2024-05-28 01:45:41,571 - pyswarms.single.global_best - INFO - Optimize for 500 iters with {'c1': 0.5, 'c2': 0.3, 'w': 0.9}
2024-05-28 01:45:41,858 - pyswarms.single.global_best - INFO - Optimization finished | best cost: 0.0, best pos: [-7.15757108e-10  3.04825562e-09]
2024-05-28 01:45:44,413 - matplotlib.animation - WARNING - MovieWriter imagemagick unavailable; using Pillow instead.
2024-05-28 01:45:44,414 - matplotlib.animation - INFO - Animation.save using <class 'matplotlib.animation.PillowWriter'>
2024-05-28 01:46:23,353 - pyswarms.single.local_best - INFO - Optimize for 1000 iters with {'c1': 0.5, 'c2': 0.3, 'w': 0.9, 'k': 2, 'p': 2}
2024-05-28 01:46:24,130 - pyswarms.single.local_best - INFO - Optimization finished | best cost: 1.0037566845121013, best pos: [9.88315022e-01 5.04754076e-04]
2024-05-28 01:46:24,341 - pyswarms.single.global_best - INFO - Optimize for 1000 iters with {'c1': 0.5, 'c2': 0.3, 'w': 0.9}
2024-05-28 01:46:24,937 - pyswarms.single.global_best - INFO - Optimization finished | best cost: 4.409346500619853e-22, best pos: [1. 1.]
2024-05-28 01:46:25,078 - pyswarms.single.local_best - INFO - Optimize for 1000 iters with {'c1': 0.5, 'c2': 0.3, 'w': 0.9, 'k': 2, 'p': 2}
2024-05-28 01:46:25,879 - pyswarms.single.local_best - INFO - Optimization finished | best cost: 1.6544546672407783, best pos: [-0.28601962  0.07934103]
2024-05-28 01:49:38,193 - pyswarms.single.global_best - INFO - Optimize for 500 iters with {'c1': 0.5, 'c2': 0.3, 'w': 0.9}
2024-05-28 01:49:38,487 - pyswarms.single.global_best - INFO - Optimization finished | best cost: 2.1300285994756508e-14, best pos: [0.99999987 0.99999974]
2024-05-28 01:49:40,922 - matplotlib.animation - WARNING - MovieWriter imagemagick unavailable; using Pillow instead.
2024-05-28 01:49:40,923 - matplotlib.animation - INFO - Animation.save using <class 'matplotlib.animation.PillowWriter'>
2024-05-28 01:50:32,864 - pyswarms.single.local_best - INFO - Optimize for 1000 iters with {'c1': 0.5, 'c2': 0.3, 'w': 0.9, 'k': 2, 'p': 2}
2024-05-28 01:50:33,627 - pyswarms.single.local_best - INFO - Optimization finished | best cost: 0.0015209470245045335, best pos: [0.96100068 0.92352231]
2024-05-28 01:53:15,366 - pyswarms.single.global_best - INFO - Optimize for 500 iters with {'c1': 0.5, 'c2': 0.3, 'w': 0.9}
2024-05-28 01:53:22,685 - pyswarms.single.global_best - INFO - Optimize for 500 iters with {'c1': 0.5, 'c2': 0.3, 'w': 0.9}
2024-05-28 01:53:40,461 - pyswarms.single.global_best - INFO - Optimize for 500 iters with {'c1': 0.5, 'c2': 0.3, 'w': 0.9}
2024-05-28 01:53:40,758 - pyswarms.single.global_best - INFO - Optimization finished | best cost: 2.08799323256623e-18, best pos: [1. 1.]
2024-05-28 01:53:43,199 - matplotlib.animation - WARNING - MovieWriter imagemagick unavailable; using Pillow instead.
2024-05-28 01:53:43,200 - matplotlib.animation - INFO - Animation.save using <class 'matplotlib.animation.PillowWriter'>
2024-05-28 01:54:36,278 - pyswarms.single.local_best - INFO - Optimize for 1000 iters with {'c1': 0.5, 'c2': 0.3, 'w': 0.9, 'k': 2, 'p': 2}
2024-05-28 01:54:37,135 - pyswarms.single.local_best - INFO - Optimization finished | best cost: 0.21784481947091475, best pos: [1.46673849 2.1513226 ]
2024-05-28 02:02:54,367 - matplotlib.animation - WARNING - MovieWriter imagemagick unavailable; using Pillow instead.
2024-05-28 02:02:54,368 - matplotlib.animation - INFO - Animation.save using <class 'matplotlib.animation.PillowWriter'>
2024-05-28 02:04:44,250 - pyswarms.single.local_best - INFO - Optimize for 1000 iters with {'c1': 0.5, 'c2': 0.3, 'w': 0.9, 'k': 2, 'p': 2}
2024-05-28 02:04:45,039 - pyswarms.single.local_best - INFO - Optimization finished | best cost: 0.08659173925262145, best pos: [0.70573526 0.49806225]
2024-05-28 02:05:06,154 - pyswarms.single.global_best - INFO - Optimize for 100 iters with {'c1': 0.5, 'c2': 0.3, 'w': 0.9}
2024-05-28 02:05:06,206 - pyswarms.single.global_best - INFO - Optimization finished | best cost: 2.9864631700407183e-06, best pos: [1.00005334 1.00027942]
2024-05-28 02:05:10,748 - matplotlib.animation - WARNING - MovieWriter imagemagick unavailable; using Pillow instead.
2024-05-28 02:05:10,749 - matplotlib.animation - INFO - Animation.save using <class 'matplotlib.animation.PillowWriter'>
2024-05-28 02:05:22,443 - pyswarms.single.local_best - INFO - Optimize for 1000 iters with {'c1': 0.5, 'c2': 0.3, 'w': 0.9, 'k': 2, 'p': 2}
2024-05-28 02:05:23,221 - pyswarms.single.local_best - INFO - Optimization finished | best cost: 0.525108373117095, best pos: [0.28861748 0.06950031]
2024-05-28 02:06:51,539 - matplotlib.animation - WARNING - MovieWriter imagemagick unavailable; using Pillow instead.
2024-05-28 02:06:51,540 - matplotlib.animation - INFO - Animation.save using <class 'matplotlib.animation.PillowWriter'>
2024-05-28 02:08:42,872 - pyswarms.single.local_best - INFO - Optimize for 1000 iters with {'c1': 0.5, 'c2': 0.3, 'w': 0.9, 'k': 2, 'p': 2}
2024-05-28 02:08:43,689 - pyswarms.single.local_best - INFO - Optimization finished | best cost: 0.007096194549644679, best pos: [1.08414947 1.17576816]
2024-05-28 02:13:14,192 - matplotlib.animation - WARNING - MovieWriter imagemagick unavailable; using Pillow instead.
2024-05-28 02:13:14,193 - matplotlib.animation - INFO - Animation.save using <class 'matplotlib.animation.PillowWriter'>
2024-05-28 02:14:55,350 - pyswarms.single.local_best - INFO - Optimize for 1000 iters with {'c1': 0.5, 'c2': 0.3, 'w': 0.9, 'k': 2, 'p': 2}
2024-05-28 02:14:56,153 - pyswarms.single.local_best - INFO - Optimization finished | best cost: 0.0001515272697490362, best pos: [1.01229465 1.02480119]
2024-05-28 02:16:26,880 - pyswarms.single.global_best - INFO - Optimize for 500 iters with {'c1': 0.5, 'c2': 0.3, 'w': 0.9}
2024-05-28 02:16:27,173 - pyswarms.single.global_best - INFO - Optimization finished | best cost: 3.459989929579928e-19, best pos: [1. 1.]
2024-05-28 02:16:29,624 - matplotlib.animation - WARNING - MovieWriter imagemagick unavailable; using Pillow instead.
2024-05-28 02:16:29,625 - matplotlib.animation - INFO - Animation.save using <class 'matplotlib.animation.PillowWriter'>
2024-05-28 02:17:21,677 - pyswarms.single.local_best - INFO - Optimize for 1000 iters with {'c1': 0.5, 'c2': 0.3, 'w': 0.9, 'k': 2, 'p': 2}
2024-05-28 02:17:22,472 - pyswarms.single.local_best - INFO - Optimization finished | best cost: 0.155675005564147, best pos: [0.60544328 0.36656197]
2024-05-28 02:20:59,364 - matplotlib.animation - WARNING - MovieWriter imagemagick unavailable; using Pillow instead.
2024-05-28 02:20:59,365 - matplotlib.animation - INFO - Animation.save using <class 'matplotlib.animation.PillowWriter'>
2024-05-28 02:23:51,165 - pyswarms.single.local_best - INFO - Optimize for 1000 iters with {'c1': 0.5, 'c2': 0.3, 'w': 0.9, 'k': 2, 'p': 2}
2024-05-28 02:23:51,967 - pyswarms.single.local_best - INFO - Optimization finished | best cost: 0.44355137629277047, best pos: [0.33765167 0.10704728]
2024-05-28 02:26:45,135 - pyswarms.single.global_best - INFO - Optimize for 500 iters with {'c1': 0.5, 'c2': 0.3, 'w': 0.9}
2024-05-28 02:26:45,445 - pyswarms.single.global_best - INFO - Optimization finished | best cost: 2.444766395833976e-16, best pos: [0.99999998 0.99999997]
2024-05-28 02:27:14,874 - matplotlib.animation - WARNING - MovieWriter imagemagick unavailable; using Pillow instead.
2024-05-28 02:27:14,875 - matplotlib.animation - INFO - Animation.save using <class 'matplotlib.animation.PillowWriter'>
2024-05-28 02:28:55,440 - pyswarms.single.local_best - INFO - Optimize for 1000 iters with {'c1': 0.5, 'c2': 0.3, 'w': 0.9, 'k': 2, 'p': 2}
2024-05-28 02:28:56,219 - pyswarms.single.local_best - INFO - Optimization finished | best cost: 0.0036596986651480034, best pos: [0.9395134  0.88278883]
2024-05-28 02:29:35,717 - pyswarms.single.global_best - INFO - Optimize for 200 iters with {'c1': 0.5, 'c2': 0.3, 'w': 0.9}
2024-05-28 02:29:35,835 - pyswarms.single.global_best - INFO - Optimization finished | best cost: 3.069281270318726e-08, best pos: [1.00017308 1.00034348]
2024-05-28 02:29:38,293 - matplotlib.animation - WARNING - MovieWriter imagemagick unavailable; using Pillow instead.
2024-05-28 02:29:38,294 - matplotlib.animation - INFO - Animation.save using <class 'matplotlib.animation.PillowWriter'>
2024-05-28 02:29:59,760 - pyswarms.single.local_best - INFO - Optimize for 1000 iters with {'c1': 0.5, 'c2': 0.3, 'w': 0.9, 'k': 2, 'p': 2}
2024-05-28 02:30:00,548 - pyswarms.single.local_best - INFO - Optimization finished | best cost: 8.736521799254668, best pos: [-1.95479493  3.82877883]
2024-05-28 10:59:35,850 - pyswarms.single.global_best - INFO - Optimize for 200 iters with {'c1': 0.5, 'c2': 0.3, 'w': 0.9}
2024-05-28 10:59:35,953 - pyswarms.single.global_best - INFO - Optimization finished | best cost: 4.601412506142122e-13, best pos: [3.00235535e-07 6.08276149e-07]
2024-05-28 10:59:38,579 - matplotlib.animation - WARNING - MovieWriter imagemagick unavailable; using Pillow instead.
2024-05-28 10:59:38,580 - matplotlib.animation - INFO - Animation.save using <class 'matplotlib.animation.PillowWriter'>
2024-05-28 11:00:00,938 - pyswarms.single.local_best - INFO - Optimize for 1000 iters with {'c1': 0.5, 'c2': 0.3, 'w': 0.9, 'k': 2, 'p': 2}
2024-05-28 11:00:01,644 - pyswarms.single.local_best - INFO - Optimization finished | best cost: 1.1378188825646727e-44, best pos: [3.05029433e-23 1.02214281e-22]
2024-05-28 11:00:01,842 - pyswarms.single.global_best - INFO - Optimize for 500 iters with {'c1': 0.5, 'c2': 0.3, 'w': 0.9}
2024-05-28 11:00:02,116 - pyswarms.single.global_best - INFO - Optimization finished | best cost: 0.0, best pos: [-1.36616574e-09 -4.62258186e-10]
2024-05-28 11:00:04,809 - matplotlib.animation - WARNING - MovieWriter imagemagick unavailable; using Pillow instead.
2024-05-28 11:00:04,810 - matplotlib.animation - INFO - Animation.save using <class 'matplotlib.animation.PillowWriter'>
2024-05-28 11:00:46,226 - pyswarms.single.local_best - INFO - Optimize for 1000 iters with {'c1': 0.5, 'c2': 0.3, 'w': 0.9, 'k': 2, 'p': 2}
2024-05-28 11:00:47,007 - pyswarms.single.local_best - INFO - Optimization finished | best cost: 0.9949590570932898, best pos: [-1.65923802e-09 -9.94958638e-01]
2024-05-28 11:00:47,233 - pyswarms.single.global_best - INFO - Optimize for 200 iters with {'c1': 0.5, 'c2': 0.3, 'w': 0.9}
2024-05-28 11:00:47,350 - pyswarms.single.global_best - INFO - Optimization finished | best cost: 4.934056974379217e-07, best pos: [1.00065917 1.00134304]
2024-05-28 11:23:03,989 - matplotlib.animation - WARNING - MovieWriter imagemagick unavailable; using Pillow instead.
2024-05-28 11:23:03,990 - matplotlib.animation - INFO - Animation.save using <class 'matplotlib.animation.PillowWriter'>
2024-05-28 11:54:09,856 - matplotlib.animation - WARNING - MovieWriter imagemagick unavailable; using Pillow instead.
2024-05-28 11:54:09,857 - matplotlib.animation - INFO - Animation.save using <class 'matplotlib.animation.PillowWriter'>
2024-05-28 12:00:45,601 - matplotlib.animation - WARNING - MovieWriter imagemagick unavailable; using Pillow instead.
2024-05-28 12:00:45,602 - matplotlib.animation - INFO - Animation.save using <class 'matplotlib.animation.PillowWriter'>
2024-05-28 12:03:30,510 - matplotlib.animation - WARNING - MovieWriter imagemagick unavailable; using Pillow instead.
2024-05-28 12:03:30,511 - matplotlib.animation - INFO - Animation.save using <class 'matplotlib.animation.PillowWriter'>
2024-05-28 13:43:30,720 - matplotlib.animation - WARNING - MovieWriter imagemagick unavailable; using Pillow instead.
2024-05-28 13:43:30,721 - matplotlib.animation - INFO - Animation.save using <class 'matplotlib.animation.PillowWriter'>
2024-05-28 13:44:52,154 - matplotlib.animation - WARNING - MovieWriter imagemagick unavailable; using Pillow instead.
2024-05-28 13:44:52,155 - matplotlib.animation - INFO - Animation.save using <class 'matplotlib.animation.PillowWriter'>
2024-05-28 13:45:16,512 - pyswarms.single.local_best - INFO - Optimize for 1000 iters with {'c1': 0.5, 'c2': 0.3, 'w': 0.9, 'k': 2, 'p': 2}
2024-05-28 13:45:17,288 - pyswarms.single.local_best - INFO - Optimization finished | best cost: 0.0007783963165091954, best pos: [0.97210033 0.94497227]
2024-05-29 20:16:18,625 - pyswarms.single.global_best - INFO - Optimize for 200 iters with {'c1': 0.5, 'c2': 0.3, 'w': 0.9}
2024-05-29 20:16:19,655 - pyswarms.single.global_best - INFO - Optimization finished | best cost: 1.3294005110924258e-12, best pos: [-6.45084222e-07 -9.55649966e-07]
2024-05-29 20:16:23,833 - matplotlib.animation - WARNING - MovieWriter imagemagick unavailable; using Pillow instead.
2024-05-29 20:16:23,850 - matplotlib.animation - INFO - Animation.save using <class 'matplotlib.animation.PillowWriter'>
2024-05-29 20:17:00,926 - pyswarms.single.local_best - INFO - Optimize for 1000 iters with {'c1': 0.5, 'c2': 0.3, 'w': 0.9, 'k': 2, 'p': 2}
2024-05-29 20:17:03,285 - pyswarms.single.local_best - INFO - Optimization finished | best cost: 8.413523798320967e-40, best pos: [2.84575137e-20 5.61447205e-21]
2024-05-29 20:17:03,563 - pyswarms.single.global_best - INFO - Optimize for 500 iters with {'c1': 0.5, 'c2': 0.3, 'w': 0.9}
2024-05-29 20:17:04,615 - pyswarms.single.global_best - INFO - Optimization finished | best cost: 0.0, best pos: [ 1.12917702e-09 -2.94219925e-09]
2024-05-29 20:17:08,910 - matplotlib.animation - WARNING - MovieWriter imagemagick unavailable; using Pillow instead.
2024-05-29 20:17:08,910 - matplotlib.animation - INFO - Animation.save using <class 'matplotlib.animation.PillowWriter'>
2024-05-29 20:18:12,910 - pyswarms.single.local_best - INFO - Optimize for 1000 iters with {'c1': 0.5, 'c2': 0.3, 'w': 0.9, 'k': 2, 'p': 2}
2024-05-29 20:18:14,950 - pyswarms.single.local_best - INFO - Optimization finished | best cost: 0.9949590570932898, best pos: [-3.34150658e-09  9.94958637e-01]
2024-05-29 20:18:15,202 - pyswarms.single.global_best - INFO - Optimize for 200 iters with {'c1': 0.5, 'c2': 0.3, 'w': 0.9}
2024-05-29 20:18:15,551 - pyswarms.single.global_best - INFO - Optimization finished | best cost: 1.239307423959643e-08, best pos: [1.00010972 1.00021757]
2024-05-29 20:18:22,512 - matplotlib.animation - WARNING - MovieWriter imagemagick unavailable; using Pillow instead.
2024-05-29 20:18:22,512 - matplotlib.animation - INFO - Animation.save using <class 'matplotlib.animation.PillowWriter'>
2024-05-29 20:19:00,529 - pyswarms.single.local_best - INFO - Optimize for 1000 iters with {'c1': 0.5, 'c2': 0.3, 'w': 0.9, 'k': 2, 'p': 2}
2024-05-29 20:19:02,913 - pyswarms.single.local_best - INFO - Optimization finished | best cost: 0.0016103548211462268, best pos: [0.9599251  0.92124746]
2024-05-31 16:39:48,882 - pyswarms.single.global_best - INFO - Optimize for 200 iters with {'c1': 0.5, 'c2': 0.3, 'w': 0.9}
2024-05-31 16:39:49,232 - pyswarms.single.global_best - INFO - Optimization finished | best cost: 1.3814672100883903e-13, best pos: [3.69135708e-07 4.34229170e-08]
2024-05-31 16:39:53,312 - matplotlib.animation - WARNING - MovieWriter imagemagick unavailable; using Pillow instead.
2024-05-31 16:39:53,312 - matplotlib.animation - INFO - Animation.save using <class 'matplotlib.animation.PillowWriter'>
2024-05-31 16:40:32,207 - pyswarms.single.local_best - INFO - Optimize for 1000 iters with {'c1': 0.5, 'c2': 0.3, 'w': 0.9, 'k': 2, 'p': 2}
2024-05-31 16:40:34,510 - pyswarms.single.local_best - INFO - Optimization finished | best cost: 4.514208568696396e-43, best pos: [-6.71385264e-22 -2.57426623e-23]
2024-05-31 16:40:34,810 - pyswarms.single.global_best - INFO - Optimize for 500 iters with {'c1': 0.5, 'c2': 0.3, 'w': 0.9}
2024-05-31 16:40:36,030 - pyswarms.single.global_best - INFO - Optimization finished | best cost: 0.0, best pos: [-1.35915235e-09 -1.65172705e-09]
2024-05-31 16:40:39,972 - matplotlib.animation - WARNING - MovieWriter imagemagick unavailable; using Pillow instead.
2024-05-31 16:40:39,972 - matplotlib.animation - INFO - Animation.save using <class 'matplotlib.animation.PillowWriter'>
2024-05-31 16:41:43,600 - pyswarms.single.local_best - INFO - Optimize for 1000 iters with {'c1': 0.5, 'c2': 0.3, 'w': 0.9, 'k': 2, 'p': 2}
2024-05-31 16:41:46,048 - pyswarms.single.local_best - INFO - Optimization finished | best cost: 0.0, best pos: [-2.45978869e-09 -9.82185879e-10]
2024-05-31 16:41:46,334 - pyswarms.single.global_best - INFO - Optimize for 200 iters with {'c1': 0.5, 'c2': 0.3, 'w': 0.9}
2024-05-31 16:41:46,798 - pyswarms.single.global_best - INFO - Optimization finished | best cost: 8.287588597766343e-09, best pos: [0.99991368 0.99983026]
2024-05-31 16:41:54,374 - matplotlib.animation - WARNING - MovieWriter imagemagick unavailable; using Pillow instead.
2024-05-31 16:41:54,374 - matplotlib.animation - INFO - Animation.save using <class 'matplotlib.animation.PillowWriter'>
2024-05-31 16:42:28,730 - pyswarms.single.local_best - INFO - Optimize for 1000 iters with {'c1': 0.5, 'c2': 0.3, 'w': 0.9, 'k': 2, 'p': 2}
2024-05-31 16:42:30,725 - pyswarms.single.local_best - INFO - Optimization finished | best cost: 0.012622832039628142, best pos: [0.88780674 0.78760495]
2024-05-31 16:43:08,662 - pyswarms.single.global_best - INFO - Optimize for 150 iters with {'c1': 0.5, 'c2': 0.3, 'w': 0.9}
2024-05-31 16:43:08,962 - pyswarms.single.global_best - INFO - Optimization finished | best cost: 2.1669999889173397e-05, best pos: [ 1.33516286e-06 -7.54370504e-06]
2024-05-31 16:53:38,447 - matplotlib.animation - WARNING - MovieWriter Pillow unavailable; using Pillow instead.
2024-05-31 16:53:38,447 - matplotlib.animation - INFO - Animation.save using <class 'matplotlib.animation.PillowWriter'>
2024-05-31 16:56:05,767 - matplotlib.animation - WARNING - MovieWriter imagemagick unavailable; using Pillow instead.
2024-05-31 16:56:05,767 - matplotlib.animation - INFO - Animation.save using <class 'matplotlib.animation.PillowWriter'>
2024-05-31 16:56:57,875 - matplotlib.animation - WARNING - MovieWriter imagemagick unavailable; using Pillow instead.
2024-05-31 16:56:57,875 - matplotlib.animation - INFO - Animation.save using <class 'matplotlib.animation.PillowWriter'>
2024-05-31 17:02:35,260 - matplotlib.animation - WARNING - MovieWriter imagemagick unavailable; using Pillow instead.
2024-05-31 17:02:35,260 - matplotlib.animation - INFO - Animation.save using <class 'matplotlib.animation.PillowWriter'>
2024-05-31 17:03:43,367 - matplotlib.animation - WARNING - MovieWriter imagemagick unavailable; using Pillow instead.
2024-05-31 17:03:43,367 - matplotlib.animation - INFO - Animation.save using <class 'matplotlib.animation.PillowWriter'>
2024-05-31 17:06:40,318 - matplotlib.animation - WARNING - MovieWriter imagemagick unavailable; using Pillow instead.
2024-05-31 17:06:40,321 - matplotlib.animation - INFO - Animation.save using <class 'matplotlib.animation.PillowWriter'>
2024-05-31 17:13:41,216 - pyswarms.single.global_best - INFO - Optimize for 150 iters with {'c1': 0.5, 'c2': 0.3, 'w': 0.9}
2024-05-31 17:13:41,532 - pyswarms.single.global_best - INFO - Optimization finished | best cost: 1.6578498091224247e-05, best pos: [ 3.53949901e-06 -4.67161433e-06]
2024-05-31 17:13:45,649 - matplotlib.animation - WARNING - MovieWriter imagemagick unavailable; using Pillow instead.
2024-05-31 17:13:45,651 - matplotlib.animation - INFO - Animation.save using <class 'matplotlib.animation.PillowWriter'>
2024-05-31 20:20:53,706 - matplotlib.animation - WARNING - MovieWriter imagemagick unavailable; using Pillow instead.
2024-05-31 20:20:53,709 - matplotlib.animation - INFO - Animation.save using <class 'matplotlib.animation.PillowWriter'>
2024-05-31 20:22:19,215 - matplotlib.animation - WARNING - MovieWriter imagemagick unavailable; using Pillow instead.
2024-05-31 20:22:19,217 - matplotlib.animation - INFO - Animation.save using <class 'matplotlib.animation.PillowWriter'>
2024-06-01 00:35:17,048 - pyswarms.single.global_best - INFO - Optimize for 150 iters with {'c1': 0.5, 'c2': 0.3, 'w': 0.9}
2024-06-01 00:35:17,390 - pyswarms.single.global_best - INFO - Optimization finished | best cost: 0.0001571027462650143, best pos: [ 9.38035872e-06 -5.47169589e-05]
2024-06-01 00:37:15,042 - pyswarms.single.global_best - INFO - Optimize for 150 iters with {'c1': 0.4, 'c2': 0.3, 'w': 0.8}
2024-06-01 00:37:15,376 - pyswarms.single.global_best - INFO - Optimization finished | best cost: 3.138687175811141e-15, best pos: [3.00000014 0.50000003]
2024-06-01 00:45:28,818 - matplotlib.animation - WARNING - MovieWriter imagemagick unavailable; using Pillow instead.
2024-06-01 00:45:28,821 - matplotlib.animation - INFO - Animation.save using <class 'matplotlib.animation.PillowWriter'>
2024-06-01 00:46:46,788 - pyswarms.single.global_best - INFO - Optimize for 150 iters with {'c1': 0.5, 'c2': 0.3, 'w': 0.9}
2024-06-01 00:46:47,165 - pyswarms.single.global_best - INFO - Optimization finished | best cost: 4.939273080167724e-08, best pos: [2.99962726 0.49994187]
2024-06-01 00:47:41,136 - matplotlib.animation - WARNING - MovieWriter imagemagick unavailable; using Pillow instead.
2024-06-01 00:47:41,139 - matplotlib.animation - INFO - Animation.save using <class 'matplotlib.animation.PillowWriter'>
2024-06-01 00:49:42,994 - matplotlib.animation - WARNING - MovieWriter imagemagick unavailable; using Pillow instead.
2024-06-01 00:49:42,996 - matplotlib.animation - INFO - Animation.save using <class 'matplotlib.animation.PillowWriter'>
2024-06-01 00:51:26,427 - matplotlib.animation - WARNING - MovieWriter imagemagick unavailable; using Pillow instead.
2024-06-01 00:51:26,430 - matplotlib.animation - INFO - Animation.save using <class 'matplotlib.animation.PillowWriter'>
2024-06-01 00:52:34,470 - matplotlib.animation - WARNING - MovieWriter imagemagick unavailable; using Pillow instead.
2024-06-01 00:52:34,472 - matplotlib.animation - INFO - Animation.save using <class 'matplotlib.animation.PillowWriter'>
2024-06-01 00:54:03,446 - matplotlib.animation - WARNING - MovieWriter imagemagick unavailable; using Pillow instead.
2024-06-01 00:54:03,449 - matplotlib.animation - INFO - Animation.save using <class 'matplotlib.animation.PillowWriter'>
2024-06-01 00:55:35,258 - pyswarms.single.global_best - INFO - Optimize for 300 iters with {'c1': 0.5, 'c2': 0.3, 'w': 0.9}
2024-06-01 00:55:35,897 - pyswarms.single.global_best - INFO - Optimization finished | best cost: 8.522476711265268e-16, best pos: [3.         0.49999999]
2024-06-01 00:56:07,398 - matplotlib.animation - WARNING - MovieWriter imagemagick unavailable; using Pillow instead.
2024-06-01 00:56:07,400 - matplotlib.animation - INFO - Animation.save using <class 'matplotlib.animation.PillowWriter'>
